0 info it worked if it ends with ok
1 verbose cli [ '/usr/local/bin/node',
1 verbose cli   '/usr/local/bin/npm',
1 verbose cli   'install',
1 verbose cli   'convert-chinese-to-pinyin' ]
2 info using npm@3.9.5
3 info using node@v6.2.2
4 silly loadCurrentTree Starting
5 silly install loadCurrentTree
6 silly install readLocalPackageData
7 silly fetchPackageMetaData convert-chinese-to-pinyin
8 silly fetchNamedPackageData convert-chinese-to-pinyin
9 silly mapToRegistry name convert-chinese-to-pinyin
10 silly mapToRegistry using default registry
11 silly mapToRegistry registry https://registry.npm.taobao.org/
12 silly mapToRegistry data Result {
12 silly mapToRegistry   raw: 'convert-chinese-to-pinyin',
12 silly mapToRegistry   scope: null,
12 silly mapToRegistry   name: 'convert-chinese-to-pinyin',
12 silly mapToRegistry   rawSpec: '',
12 silly mapToRegistry   spec: 'latest',
12 silly mapToRegistry   type: 'tag' }
13 silly mapToRegistry uri https://registry.npm.taobao.org/convert-chinese-to-pinyin
14 verbose request uri https://registry.npm.taobao.org/convert-chinese-to-pinyin
15 verbose request no auth needed
16 info attempt registry request try #1 at 11:29:30 AM
17 verbose request id 2ad7928b7a0671da
18 http request GET https://registry.npm.taobao.org/convert-chinese-to-pinyin
19 http 200 https://registry.npm.taobao.org/convert-chinese-to-pinyin
20 verbose headers { date: 'Wed, 27 Jul 2016 03:29:31 GMT',
20 verbose headers   'content-type': 'application/json; charset=utf-8',
20 verbose headers   'content-length': '2094',
20 verbose headers   connection: 'keep-alive',
20 verbose headers   'x-current-requests': '1',
20 verbose headers   etag: '"82e-X1/aV+jpDtVitSwirw19Gw"',
20 verbose headers   'x-readtime': '11' }
21 silly get cb [ 200,
21 silly get   { date: 'Wed, 27 Jul 2016 03:29:31 GMT',
21 silly get     'content-type': 'application/json; charset=utf-8',
21 silly get     'content-length': '2094',
21 silly get     connection: 'keep-alive',
21 silly get     'x-current-requests': '1',
21 silly get     etag: '"82e-X1/aV+jpDtVitSwirw19Gw"',
21 silly get     'x-readtime': '11' } ]
22 verbose get saving convert-chinese-to-pinyin to /var/root/.npm/registry.npm.taobao.org/convert-chinese-to-pinyin/.cache.json
23 verbose correctMkdir /var/root/.npm correctMkdir not in flight; initializing
24 silly install normalizeTree
25 silly loadCurrentTree Finishing
26 silly loadIdealTree Starting
27 silly install loadIdealTree
28 silly cloneCurrentTree Starting
29 silly install cloneCurrentTreeToIdealTree
30 silly cloneCurrentTree Finishing
31 silly loadShrinkwrap Starting
32 silly install loadShrinkwrap
33 silly loadShrinkwrap Finishing
34 silly loadAllDepsIntoIdealTree Starting
35 silly install loadAllDepsIntoIdealTree
36 silly rollbackFailedOptional Starting
37 silly rollbackFailedOptional Finishing
38 silly runTopLevelLifecycles Starting
39 silly runTopLevelLifecycles Finishing
40 silly install printInstalled
41 verbose stack Error: Refusing to install convert-chinese-to-pinyin as a dependency of itself
41 verbose stack     at checkSelf (/usr/local/lib/node_modules/npm/lib/install/validate-args.js:53:14)
41 verbose stack     at Array.<anonymous> (/usr/local/lib/node_modules/npm/node_modules/slide/lib/bind-actor.js:15:8)
41 verbose stack     at LOOP (/usr/local/lib/node_modules/npm/node_modules/slide/lib/chain.js:15:14)
41 verbose stack     at chain (/usr/local/lib/node_modules/npm/node_modules/slide/lib/chain.js:20:5)
41 verbose stack     at /usr/local/lib/node_modules/npm/lib/install/validate-args.js:16:5
41 verbose stack     at /usr/local/lib/node_modules/npm/node_modules/slide/lib/async-map.js:52:35
41 verbose stack     at Array.forEach (native)
41 verbose stack     at /usr/local/lib/node_modules/npm/node_modules/slide/lib/async-map.js:52:11
41 verbose stack     at Array.forEach (native)
41 verbose stack     at asyncMap (/usr/local/lib/node_modules/npm/node_modules/slide/lib/async-map.js:51:8)
42 verbose cwd /Users/zzy/item/convert-chinese-to-pinyin
43 error Darwin 14.5.0
44 error argv "/usr/local/bin/node" "/usr/local/bin/npm" "install" "convert-chinese-to-pinyin"
45 error node v6.2.2
46 error npm  v3.9.5
47 error code ENOSELF
48 error Refusing to install convert-chinese-to-pinyin as a dependency of itself
49 error If you need help, you may report this error at:
49 error     <https://github.com/npm/npm/issues>
50 verbose exit [ 1, true ]
